<?xml version="1.0" encoding="UTF-8"?>
<!-- Generated by org.testng.reporters.JUnitReportReporter -->
<testsuite hostname="DESKTOP-ODPVLGR" failures="0" tests="1" name="afreash.TestNGaFresh" time="0.010" errors="0" timestamp="2023-06-19T15:20:02 IST" skipped="0">
  <testcase classname="afreash.TestNGaFresh" name="a" time="0.010"/>
  <system-out/>
</testsuite> <!-- afreash.TestNGaFresh -->
